<?xml version="1.0" encoding="UTF-8"?>
<!-- Generated by org.testng.reporters.JUnitReportReporter -->
<testsuite hostname="Dell" failures="0" tests="1" name="createOrgnisation.CreateOrg" time="0.010" errors="0" timestamp="2022-12-17T17:06:28 IST" skipped="0">
  <testcase classname="createOrgnisation.CreateOrg" name="TC_100createOrgWithMandatoryFields" time="0.010"/>
  <system-out/>
</testsuite> <!-- createOrgnisation.CreateOrg -->
