<?xml version="1.0" encoding="UTF-8"?>
<!-- Generated by org.testng.reporters.JUnitReportReporter -->
<testsuite hostname="Dell" failures="0" tests="1" name="demo.Sample" time="0.008" errors="0" timestamp="2022-12-15T14:18:12 IST" skipped="0">
  <testcase classname="demo.Sample" name="sample" time="0.008"/>
  <system-out/>
</testsuite> <!-- demo.Sample -->
