<?xml version="1.0" encoding="UTF-8"?>
<!-- Generated by org.testng.reporters.JUnitReportReporter -->
<testsuite hostname="Dell" failures="0" tests="1" name="demo.Sample" time="0.069" errors="0" timestamp="2022-12-14T16:47:36 IST" skipped="0">
  <testcase classname="demo.Sample" name="sample" time="0.069"/>
  <system-out/>
</testsuite> <!-- demo.Sample -->
